                            Mean           Std Dev          Skewness          Kurtosis
           Ic1  1.1638219695e+03  4.7091489233e+01  1.0941907935e+00  3.3827802843e+01
           Ic2  1.2878730131e+03  2.1030775651e+02  2.0751062289e+00  3.2398467681e+00

Sample moment statistics for each response function:
                            Mean           Std Dev          Skewness          Kurtosis
        eps_l1 -7.3389043981e-01  7.3003146203e-01 -2.8464809785e+00  4.6051811095e+01
        eps_l2  1.3490201002e+00  7.3003146203e-01 -2.8464809785e+00  4.6051811095e+01
        eps_l3  6.3466849604e-01  7.3003146203e-01 -2.8464809785e+00  4.6051811095e+01
        eps_l4 -1.1545313637e+00  7.3003146203e-01 -2.8464809785e+00  4.6051811095e+01
        eps_l5 -2.2690743149e-01  7.3003146203e-01 -2.8464809785e+00  4.6051811095e+01
        eps_p1  2.1145341039e+00  8.3038254431e-01  1.5773216455e+00  2.0732247800e+00
        eps_p2 -1.9989410734e+00  8.3038254431e-01  1.5773216455e+00  2.0732247800e+00
        eps_p3 -1.3125470574e-02  8.3038254431e-01  1.5773216455e+00  2.0732247800e+00
        eps_p4  1.6890021890e+00  8.3038254431e-01  1.5773216455e+00  2.0732247800e+00
        eps_p5 -4.3865738547e-01  8.3038254431e-01  1.5773216455e+00  2.0732247800e+00

<<<<< Iterator bayes_calibration completed.
<<<<< Environment execution completed.
DAKOTA master processor execution time in seconds:
  Total CPU        =      17.66 [parent   =    17.6568, child =   0.003162]
  Total wall clock =    257.735 [MPI_Init = 1.50204e-05, run   =    257.735]